This file contains any messages produced by compilers while
running configure, to aid debugging if configure makes a mistake.

It was created by vsptk configure 1.0, which was
generated by GNU Autoconf 2.71.  Invocation command line was

  $ ./configure

## --------- ##
## Platform. ##
## --------- ##

hostname = atom
uname -m = x86_64
uname -r = 6.5.0-28-generic
uname -s = Linux
uname -v = #29~22.04.1-Ubuntu SMP PREEMPT_DYNAMIC Thu Apr  4 14:39:20 UTC 2

/usr/bin/uname -p = x86_64
/bin/uname -X     = unknown

/bin/arch              = x86_64
/usr/bin/arch -k       = unknown
/usr/convex/getsysinfo = unknown
/usr/bin/hostinfo      = unknown
/bin/machine           = unknown
/usr/bin/oslevel       = unknown
/bin/universe          = unknown

PATH: /home/etorres/anaconda3/condabin/
PATH: /home/etorres/.local/bin/
PATH: /home/etorres/bin/
PATH: /usr/local/sbin/
PATH: /usr/local/bin/
PATH: /usr/sbin/
PATH: /usr/bin/
PATH: /sbin/
PATH: /bin/
PATH: /usr/games/
PATH: /usr/local/games/
PATH: /snap/bin/
PATH: /snap/bin/
PATH: /home/etorres/bin/xcrysden-1.6.2-bin-shared/
PATH: /home/etorres/bin/atat/
PATH: /home/etorres/bin/ovito-basic-3.8.2-x86_64/bin/
PATH: /home/etorres/bin/xcrysden-1.6.2-bin-shared/
PATH: /home/etorres/bin/atat/
PATH: /home/etorres/bin/ovito-basic-3.8.2-x86_64/bin/


## ----------- ##
## Core tests. ##
## ----------- ##

configure:2604: looking for aux files: compile missing install-sh
configure:2617:  trying ./
configure:2646:   ./compile found
configure:2646:   ./missing found
configure:2628:   ./install-sh found
configure:2775: checking for a BSD-compatible install
configure:2848: result: /usr/bin/install -c
configure:2859: checking whether build environment is sane
configure:2914: result: yes
configure:3073: checking for a race-free mkdir -p
configure:3117: result: /usr/bin/mkdir -p
configure:3124: checking for gawk
configure:3145: found /usr/bin/gawk
configure:3156: result: gawk
configure:3167: checking whether make sets $(MAKE)
configure:3190: result: yes
configure:3220: checking whether make supports nested variables
configure:3238: result: yes
configure:3448: checking for g++
configure:3469: found /usr/bin/g++
configure:3480: result: g++
configure:3507: checking for C++ compiler version
configure:3516: g++ --version >&5
g++ (Ubuntu 11.4.0-1ubuntu1~22.04) 11.4.0
Copyright (C) 2021 Free Software Foundation, Inc.
This is free software; see the source for copying conditions.  There is NO
warranty; not even for MERCHANTABILITY or FITNESS FOR A PARTICULAR PURPOSE.

configure:3527: $? = 0
configure:3516: g++ -v >&5
Using built-in specs.
COLLECT_GCC=g++
COLLECT_LTO_WRAPPER=/usr/lib/gcc/x86_64-linux-gnu/11/lto-wrapper
OFFLOAD_TARGET_NAMES=nvptx-none:amdgcn-amdhsa
OFFLOAD_TARGET_DEFAULT=1
Target: x86_64-linux-gnu
Configured with: ../src/configure -v --with-pkgversion='Ubuntu 11.4.0-1ubuntu1~22.04' --with-bugurl=file:///usr/share/doc/gcc-11/README.Bugs --enable-languages=c,ada,c++,go,brig,d,fortran,objc,obj-c++,m2 --prefix=/usr --with-gcc-major-version-only --program-suffix=-11 --program-prefix=x86_64-linux-gnu- --enable-shared --enable-linker-build-id --libexecdir=/usr/lib --without-included-gettext --enable-threads=posix --libdir=/usr/lib --enable-nls --enable-bootstrap --enable-clocale=gnu --enable-libstdcxx-debug --enable-libstdcxx-time=yes --with-default-libstdcxx-abi=new --enable-gnu-unique-object --disable-vtable-verify --enable-plugin --enable-default-pie --with-system-zlib --enable-libphobos-checking=release --with-target-system-zlib=auto --enable-objc-gc=auto --enable-multiarch --disable-werror --enable-cet --with-arch-32=i686 --with-abi=m64 --with-multilib-list=m32,m64,mx32 --enable-multilib --with-tune=generic --enable-offload-targets=nvptx-none=/build/gcc-11-XeT9lY/gcc-11-11.4.0/debian/tmp-nvptx/usr,amdgcn-amdhsa=/build/gcc-11-XeT9lY/gcc-11-11.4.0/debian/tmp-gcn/usr --without-cuda-driver --enable-checking=release --build=x86_64-linux-gnu --host=x86_64-linux-gnu --target=x86_64-linux-gnu --with-build-config=bootstrap-lto-lean --enable-link-serialization=2
Thread model: posix
Supported LTO compression algorithms: zlib zstd
gcc version 11.4.0 (Ubuntu 11.4.0-1ubuntu1~22.04) 
... rest of stderr output deleted ...
configure:3527: $? = 0
configure:3516: g++ -V >&5
g++: error: unrecognized command-line option '-V'
g++: fatal error: no input files
compilation terminated.
configure:3527: $? = 1
configure:3516: g++ -qversion >&5
g++: error: unrecognized command-line option '-qversion'; did you mean '--version'?
g++: fatal error: no input files
compilation terminated.
configure:3527: $? = 1
configure:3547: checking whether the C++ compiler works
configure:3569: g++    conftest.cpp  >&5
configure:3573: $? = 0
configure:3623: result: yes
configure:3626: checking for C++ compiler default output file name
configure:3628: result: a.out
configure:3634: checking for suffix of executables
configure:3641: g++ -o conftest    conftest.cpp  >&5
configure:3645: $? = 0
configure:3668: result: 
configure:3690: checking whether we are cross compiling
configure:3698: g++ -o conftest    conftest.cpp  >&5
configure:3702: $? = 0
configure:3709: ./conftest
configure:3713: $? = 0
configure:3728: result: no
configure:3733: checking for suffix of object files
configure:3756: g++ -c   conftest.cpp >&5
configure:3760: $? = 0
configure:3782: result: o
configure:3786: checking whether the compiler supports GNU C++
configure:3806: g++ -c   conftest.cpp >&5
configure:3806: $? = 0
configure:3816: result: yes
configure:3827: checking whether g++ accepts -g
configure:3848: g++ -c -g  conftest.cpp >&5
configure:3848: $? = 0
configure:3892: result: yes
configure:3912: checking for g++ option to enable C++11 features
configure:3927: g++  -c -g -O2  conftest.cpp >&5
conftest.cpp: In function 'int main(int, char**)':
conftest.cpp:177:25: warning: empty parentheses were disambiguated as a function declaration [-Wvexing-parse]
  177 |   cxx11test::delegate d2();
      |                         ^~
conftest.cpp:177:25: note: remove parentheses to default-initialize a variable
  177 |   cxx11test::delegate d2();
      |                         ^~
      |                         --
conftest.cpp:177:25: note: or replace parentheses with braces to value-initialize a variable
configure:3927: $? = 0
configure:3945: result: none needed
configure:4012: checking whether make supports the include directive
configure:4027: make -f confmf.GNU && cat confinc.out
this is the am__doit target
configure:4030: $? = 0
configure:4049: result: yes (GNU style)
configure:4075: checking dependency style of g++
configure:4187: result: gcc3
configure:4264: checking for gcc
configure:4285: found /usr/bin/gcc
configure:4296: result: gcc
configure:4649: checking for C compiler version
configure:4658: gcc --version >&5
gcc (Ubuntu 11.4.0-1ubuntu1~22.04) 11.4.0
Copyright (C) 2021 Free Software Foundation, Inc.
This is free software; see the source for copying conditions.  There is NO
warranty; not even for MERCHANTABILITY or FITNESS FOR A PARTICULAR PURPOSE.

configure:4669: $? = 0
configure:4658: gcc -v >&5
Using built-in specs.
COLLECT_GCC=gcc
COLLECT_LTO_WRAPPER=/usr/lib/gcc/x86_64-linux-gnu/11/lto-wrapper
OFFLOAD_TARGET_NAMES=nvptx-none:amdgcn-amdhsa
OFFLOAD_TARGET_DEFAULT=1
Target: x86_64-linux-gnu
Configured with: ../src/configure -v --with-pkgversion='Ubuntu 11.4.0-1ubuntu1~22.04' --with-bugurl=file:///usr/share/doc/gcc-11/README.Bugs --enable-languages=c,ada,c++,go,brig,d,fortran,objc,obj-c++,m2 --prefix=/usr --with-gcc-major-version-only --program-suffix=-11 --program-prefix=x86_64-linux-gnu- --enable-shared --enable-linker-build-id --libexecdir=/usr/lib --without-included-gettext --enable-threads=posix --libdir=/usr/lib --enable-nls --enable-bootstrap --enable-clocale=gnu --enable-libstdcxx-debug --enable-libstdcxx-time=yes --with-default-libstdcxx-abi=new --enable-gnu-unique-object --disable-vtable-verify --enable-plugin --enable-default-pie --with-system-zlib --enable-libphobos-checking=release --with-target-system-zlib=auto --enable-objc-gc=auto --enable-multiarch --disable-werror --enable-cet --with-arch-32=i686 --with-abi=m64 --with-multilib-list=m32,m64,mx32 --enable-multilib --with-tune=generic --enable-offload-targets=nvptx-none=/build/gcc-11-XeT9lY/gcc-11-11.4.0/debian/tmp-nvptx/usr,amdgcn-amdhsa=/build/gcc-11-XeT9lY/gcc-11-11.4.0/debian/tmp-gcn/usr --without-cuda-driver --enable-checking=release --build=x86_64-linux-gnu --host=x86_64-linux-gnu --target=x86_64-linux-gnu --with-build-config=bootstrap-lto-lean --enable-link-serialization=2
Thread model: posix
Supported LTO compression algorithms: zlib zstd
gcc version 11.4.0 (Ubuntu 11.4.0-1ubuntu1~22.04) 
... rest of stderr output deleted ...
configure:4669: $? = 0
configure:4658: gcc -V >&5
gcc: error: unrecognized command-line option '-V'
gcc: fatal error: no input files
compilation terminated.
configure:4669: $? = 1
configure:4658: gcc -qversion >&5
gcc: error: unrecognized command-line option '-qversion'; did you mean '--version'?
gcc: fatal error: no input files
compilation terminated.
configure:4669: $? = 1
configure:4658: gcc -version >&5
gcc: error: unrecognized command-line option '-version'
gcc: fatal error: no input files
compilation terminated.
configure:4669: $? = 1
configure:4673: checking whether the compiler supports GNU C
configure:4693: gcc -c   conftest.c >&5
configure:4693: $? = 0
configure:4703: result: yes
configure:4714: checking whether gcc accepts -g
configure:4735: gcc -c -g  conftest.c >&5
configure:4735: $? = 0
configure:4779: result: yes
configure:4799: checking for gcc option to enable C11 features
configure:4814: gcc  -c -g -O2  conftest.c >&5
configure:4814: $? = 0
configure:4832: result: none needed
configure:4948: checking whether gcc understands -c and -o together
configure:4971: gcc -c conftest.c -o conftest2.o
configure:4974: $? = 0
configure:4971: gcc -c conftest.c -o conftest2.o
configure:4974: $? = 0
configure:4986: result: yes
configure:5005: checking dependency style of gcc
configure:5117: result: gcc3
configure:5143: checking for stdio.h
configure:5143: gcc -c -g -O2  conftest.c >&5
configure:5143: $? = 0
configure:5143: result: yes
configure:5143: checking for stdlib.h
configure:5143: gcc -c -g -O2  conftest.c >&5
configure:5143: $? = 0
configure:5143: result: yes
configure:5143: checking for string.h
configure:5143: gcc -c -g -O2  conftest.c >&5
configure:5143: $? = 0
configure:5143: result: yes
configure:5143: checking for inttypes.h
configure:5143: gcc -c -g -O2  conftest.c >&5
configure:5143: $? = 0
configure:5143: result: yes
configure:5143: checking for stdint.h
configure:5143: gcc -c -g -O2  conftest.c >&5
configure:5143: $? = 0
configure:5143: result: yes
configure:5143: checking for strings.h
configure:5143: gcc -c -g -O2  conftest.c >&5
configure:5143: $? = 0
configure:5143: result: yes
configure:5143: checking for sys/stat.h
configure:5143: gcc -c -g -O2  conftest.c >&5
configure:5143: $? = 0
configure:5143: result: yes
configure:5143: checking for sys/types.h
configure:5143: gcc -c -g -O2  conftest.c >&5
configure:5143: $? = 0
configure:5143: result: yes
configure:5143: checking for unistd.h
configure:5143: gcc -c -g -O2  conftest.c >&5
configure:5143: $? = 0
configure:5143: result: yes
configure:5168: checking for _Bool
configure:5168: gcc -c -g -O2  conftest.c >&5
configure:5168: $? = 0
configure:5168: gcc -c -g -O2  conftest.c >&5
conftest.c: In function 'main':
conftest.c:52:20: error: expected expression before ')' token
   52 | if (sizeof ((_Bool)))
      |                    ^
configure:5168: $? = 1
configure: failed program was:
| /* confdefs.h */
| #define PACKAGE_NAME "vsptk"
| #define PACKAGE_TARNAME "vsptk"
| #define PACKAGE_VERSION "1.0"
| #define PACKAGE_STRING "vsptk 1.0"
| #define PACKAGE_BUGREPORT "eetorres@gmail.com"
| #define PACKAGE_URL ""
| #define PACKAGE "vsptk"
| #define VERSION "1.0"
| #define HAVE_STDIO_H 1
| #define HAVE_STDLIB_H 1
| #define HAVE_STRING_H 1
| #define HAVE_INTTYPES_H 1
| #define HAVE_STDINT_H 1
| #define HAVE_STRINGS_H 1
| #define HAVE_SYS_STAT_H 1
| #define HAVE_SYS_TYPES_H 1
| #define HAVE_UNISTD_H 1
| #define STDC_HEADERS 1
| /* end confdefs.h.  */
| #include <stddef.h>
| #ifdef HAVE_STDIO_H
| # include <stdio.h>
| #endif
| #ifdef HAVE_STDLIB_H
| # include <stdlib.h>
| #endif
| #ifdef HAVE_STRING_H
| # include <string.h>
| #endif
| #ifdef HAVE_INTTYPES_H
| # include <inttypes.h>
| #endif
| #ifdef HAVE_STDINT_H
| # include <stdint.h>
| #endif
| #ifdef HAVE_STRINGS_H
| # include <strings.h>
| #endif
| #ifdef HAVE_SYS_TYPES_H
| # include <sys/types.h>
| #endif
| #ifdef HAVE_SYS_STAT_H
| # include <sys/stat.h>
| #endif
| #ifdef HAVE_UNISTD_H
| # include <unistd.h>
| #endif
| int
| main (void)
| {
| if (sizeof ((_Bool)))
| 	    return 0;
|   ;
|   return 0;
| }
configure:5168: result: yes
configure:5177: checking for stdbool.h that conforms to C99
configure:5293: gcc -c -g -O2  conftest.c >&5
configure:5293: $? = 0
configure:5301: result: yes
configure:5304: checking for inline
configure:5321: gcc -c -g -O2  conftest.c >&5
configure:5321: $? = 0
configure:5330: result: inline
configure:5348: checking for size_t
configure:5348: gcc -c -g -O2  conftest.c >&5
configure:5348: $? = 0
configure:5348: gcc -c -g -O2  conftest.c >&5
conftest.c: In function 'main':
conftest.c:53:21: error: expected expression before ')' token
   53 | if (sizeof ((size_t)))
      |                     ^
configure:5348: $? = 1
configure: failed program was:
| /* confdefs.h */
| #define PACKAGE_NAME "vsptk"
| #define PACKAGE_TARNAME "vsptk"
| #define PACKAGE_VERSION "1.0"
| #define PACKAGE_STRING "vsptk 1.0"
| #define PACKAGE_BUGREPORT "eetorres@gmail.com"
| #define PACKAGE_URL ""
| #define PACKAGE "vsptk"
| #define VERSION "1.0"
| #define HAVE_STDIO_H 1
| #define HAVE_STDLIB_H 1
| #define HAVE_STRING_H 1
| #define HAVE_INTTYPES_H 1
| #define HAVE_STDINT_H 1
| #define HAVE_STRINGS_H 1
| #define HAVE_SYS_STAT_H 1
| #define HAVE_SYS_TYPES_H 1
| #define HAVE_UNISTD_H 1
| #define STDC_HEADERS 1
| #define HAVE__BOOL 1
| /* end confdefs.h.  */
| #include <stddef.h>
| #ifdef HAVE_STDIO_H
| # include <stdio.h>
| #endif
| #ifdef HAVE_STDLIB_H
| # include <stdlib.h>
| #endif
| #ifdef HAVE_STRING_H
| # include <string.h>
| #endif
| #ifdef HAVE_INTTYPES_H
| # include <inttypes.h>
| #endif
| #ifdef HAVE_STDINT_H
| # include <stdint.h>
| #endif
| #ifdef HAVE_STRINGS_H
| # include <strings.h>
| #endif
| #ifdef HAVE_SYS_TYPES_H
| # include <sys/types.h>
| #endif
| #ifdef HAVE_SYS_STAT_H
| # include <sys/stat.h>
| #endif
| #ifdef HAVE_UNISTD_H
| # include <unistd.h>
| #endif
| int
| main (void)
| {
| if (sizeof ((size_t)))
| 	    return 0;
|   ;
|   return 0;
| }
configure:5348: result: yes
configure:5360: checking for floor
configure:5360: gcc -o conftest -g -O2   conftest.c  >&5
conftest.c:38:6: warning: conflicting types for built-in function 'floor'; expected 'double(double)' [-Wbuiltin-declaration-mismatch]
   38 | char floor ();
      |      ^~~~~
conftest.c:30:1: note: 'floor' is declared in header '<math.h>'
   29 | #include <limits.h>
   30 | #undef floor
/usr/bin/ld: /tmp/ccTDnQE0.o: in function `main':
/opt/src/MD/vsptk/conftest.c:49: undefined reference to `floor'
collect2: error: ld returned 1 exit status
configure:5360: $? = 1
configure: failed program was:
| /* confdefs.h */
| #define PACKAGE_NAME "vsptk"
| #define PACKAGE_TARNAME "vsptk"
| #define PACKAGE_VERSION "1.0"
| #define PACKAGE_STRING "vsptk 1.0"
| #define PACKAGE_BUGREPORT "eetorres@gmail.com"
| #define PACKAGE_URL ""
| #define PACKAGE "vsptk"
| #define VERSION "1.0"
| #define HAVE_STDIO_H 1
| #define HAVE_STDLIB_H 1
| #define HAVE_STRING_H 1
| #define HAVE_INTTYPES_H 1
| #define HAVE_STDINT_H 1
| #define HAVE_STRINGS_H 1
| #define HAVE_SYS_STAT_H 1
| #define HAVE_SYS_TYPES_H 1
| #define HAVE_UNISTD_H 1
| #define STDC_HEADERS 1
| #define HAVE__BOOL 1
| /* end confdefs.h.  */
| /* Define floor to an innocuous variant, in case <limits.h> declares floor.
|    For example, HP-UX 11i <limits.h> declares gettimeofday.  */
| #define floor innocuous_floor
| 
| /* System header to define __stub macros and hopefully few prototypes,
|    which can conflict with char floor (); below.  */
| 
| #include <limits.h>
| #undef floor
| 
| /* Override any GCC internal prototype to avoid an error.
|    Use char because int might match the return type of a GCC
|    builtin and then its argument prototype would still apply.  */
| #ifdef __cplusplus
| extern "C"
| #endif
| char floor ();
| /* The GNU C library defines this for functions which it implements
|     to always fail with ENOSYS.  Some functions are actually named
|     something starting with __ and the normal name is an alias.  */
| #if defined __stub_floor || defined __stub___floor
| choke me
| #endif
| 
| int
| main (void)
| {
| return floor ();
|   ;
|   return 0;
| }
configure:5360: result: no
configure:5366: checking for sqrt
configure:5366: gcc -o conftest -g -O2   conftest.c  >&5
conftest.c:38:6: warning: conflicting types for built-in function 'sqrt'; expected 'double(double)' [-Wbuiltin-declaration-mismatch]
   38 | char sqrt ();
      |      ^~~~
conftest.c:30:1: note: 'sqrt' is declared in header '<math.h>'
   29 | #include <limits.h>
   30 | #undef sqrt
/usr/bin/ld: /tmp/cc783OPx.o: in function `main':
/opt/src/MD/vsptk/conftest.c:49: undefined reference to `sqrt'
collect2: error: ld returned 1 exit status
configure:5366: $? = 1
configure: failed program was:
| /* confdefs.h */
| #define PACKAGE_NAME "vsptk"
| #define PACKAGE_TARNAME "vsptk"
| #define PACKAGE_VERSION "1.0"
| #define PACKAGE_STRING "vsptk 1.0"
| #define PACKAGE_BUGREPORT "eetorres@gmail.com"
| #define PACKAGE_URL ""
| #define PACKAGE "vsptk"
| #define VERSION "1.0"
| #define HAVE_STDIO_H 1
| #define HAVE_STDLIB_H 1
| #define HAVE_STRING_H 1
| #define HAVE_INTTYPES_H 1
| #define HAVE_STDINT_H 1
| #define HAVE_STRINGS_H 1
| #define HAVE_SYS_STAT_H 1
| #define HAVE_SYS_TYPES_H 1
| #define HAVE_UNISTD_H 1
| #define STDC_HEADERS 1
| #define HAVE__BOOL 1
| /* end confdefs.h.  */
| /* Define sqrt to an innocuous variant, in case <limits.h> declares sqrt.
|    For example, HP-UX 11i <limits.h> declares gettimeofday.  */
| #define sqrt innocuous_sqrt
| 
| /* System header to define __stub macros and hopefully few prototypes,
|    which can conflict with char sqrt (); below.  */
| 
| #include <limits.h>
| #undef sqrt
| 
| /* Override any GCC internal prototype to avoid an error.
|    Use char because int might match the return type of a GCC
|    builtin and then its argument prototype would still apply.  */
| #ifdef __cplusplus
| extern "C"
| #endif
| char sqrt ();
| /* The GNU C library defines this for functions which it implements
|     to always fail with ENOSYS.  Some functions are actually named
|     something starting with __ and the normal name is an alias.  */
| #if defined __stub_sqrt || defined __stub___sqrt
| choke me
| #endif
| 
| int
| main (void)
| {
| return sqrt ();
|   ;
|   return 0;
| }
configure:5366: result: no
configure:5372: checking for strrchr
configure:5372: gcc -o conftest -g -O2   conftest.c  >&5
conftest.c:38:6: warning: conflicting types for built-in function 'strrchr'; expected 'char *(const char *, int)' [-Wbuiltin-declaration-mismatch]
   38 | char strrchr ();
      |      ^~~~~~~
conftest.c:30:1: note: 'strrchr' is declared in header '<string.h>'
   29 | #include <limits.h>
   30 | #undef strrchr
configure:5372: $? = 0
configure:5372: result: yes
configure:5378: checking for strstr
configure:5378: gcc -o conftest -g -O2   conftest.c  >&5
conftest.c:39:6: warning: conflicting types for built-in function 'strstr'; expected 'char *(const char *, const char *)' [-Wbuiltin-declaration-mismatch]
   39 | char strstr ();
      |      ^~~~~~
conftest.c:31:1: note: 'strstr' is declared in header '<string.h>'
   30 | #include <limits.h>
   31 | #undef strstr
configure:5378: $? = 0
configure:5378: result: yes
configure:5489: checking that generated files are newer than configure
configure:5495: result: done
configure:5522: creating ./config.status

## ---------------------- ##
## Running config.status. ##
## ---------------------- ##

This file was extended by vsptk config.status 1.0, which was
generated by GNU Autoconf 2.71.  Invocation command line was

  CONFIG_FILES    = 
  CONFIG_HEADERS  = 
  CONFIG_LINKS    = 
  CONFIG_COMMANDS = 
  $ ./config.status 

on atom

config.status:856: creating Makefile
config.status:856: creating src/Makefile
config.status:856: creating config.h
config.status:1037: config.h is unchanged
config.status:1085: executing depfiles commands
config.status:1162: cd src       && sed -e '/# am--include-marker/d' Makefile         | make -f - am--depfiles
make: Nothing to be done for 'am--depfiles'.
config.status:1167: $? = 0

## ---------------- ##
## Cache variables. ##
## ---------------- ##

ac_cv_c_compiler_gnu=yes
ac_cv_c_inline=inline
ac_cv_cxx_compiler_gnu=yes
ac_cv_env_CCC_set=
ac_cv_env_CCC_value=
ac_cv_env_CC_set=
ac_cv_env_CC_value=
ac_cv_env_CFLAGS_set=
ac_cv_env_CFLAGS_value=
ac_cv_env_CPPFLAGS_set=
ac_cv_env_CPPFLAGS_value=
ac_cv_env_CXXFLAGS_set=
ac_cv_env_CXXFLAGS_value=
ac_cv_env_CXX_set=
ac_cv_env_CXX_value=
ac_cv_env_LDFLAGS_set=
ac_cv_env_LDFLAGS_value=
ac_cv_env_LIBS_set=
ac_cv_env_LIBS_value=
ac_cv_env_build_alias_set=
ac_cv_env_build_alias_value=
ac_cv_env_host_alias_set=
ac_cv_env_host_alias_value=
ac_cv_env_target_alias_set=
ac_cv_env_target_alias_value=
ac_cv_func_floor=no
ac_cv_func_sqrt=no
ac_cv_func_strrchr=yes
ac_cv_func_strstr=yes
ac_cv_header_inttypes_h=yes
ac_cv_header_stdbool_h=yes
ac_cv_header_stdint_h=yes
ac_cv_header_stdio_h=yes
ac_cv_header_stdlib_h=yes
ac_cv_header_string_h=yes
ac_cv_header_strings_h=yes
ac_cv_header_sys_stat_h=yes
ac_cv_header_sys_types_h=yes
ac_cv_header_unistd_h=yes
ac_cv_objext=o
ac_cv_path_install='/usr/bin/install -c'
ac_cv_path_mkdir=/usr/bin/mkdir
ac_cv_prog_AWK=gawk
ac_cv_prog_ac_ct_CC=gcc
ac_cv_prog_ac_ct_CXX=g++
ac_cv_prog_cc_c11=
ac_cv_prog_cc_g=yes
ac_cv_prog_cc_stdc=
ac_cv_prog_cxx_11=no
ac_cv_prog_cxx_cxx11=
ac_cv_prog_cxx_g=yes
ac_cv_prog_cxx_stdcxx=
ac_cv_prog_make_make_set=yes
ac_cv_type__Bool=yes
ac_cv_type_size_t=yes
am_cv_CC_dependencies_compiler_type=gcc3
am_cv_CXX_dependencies_compiler_type=gcc3
am_cv_make_support_nested_variables=yes
am_cv_prog_cc_c_o=yes

## ----------------- ##
## Output variables. ##
## ----------------- ##

ACLOCAL='${SHELL} '\''/opt/src/MD/vsptk/missing'\'' aclocal-1.16'
AMDEPBACKSLASH='\'
AMDEP_FALSE='#'
AMDEP_TRUE=''
AMTAR='$${TAR-tar}'
AM_BACKSLASH='\'
AM_DEFAULT_V='$(AM_DEFAULT_VERBOSITY)'
AM_DEFAULT_VERBOSITY='1'
AM_V='$(V)'
AUTOCONF='${SHELL} '\''/opt/src/MD/vsptk/missing'\'' autoconf'
AUTOHEADER='${SHELL} '\''/opt/src/MD/vsptk/missing'\'' autoheader'
AUTOMAKE='${SHELL} '\''/opt/src/MD/vsptk/missing'\'' automake-1.16'
AWK='gawk'
CC='gcc'
CCDEPMODE='depmode=gcc3'
CFLAGS='-g -O2'
CPPFLAGS=''
CSCOPE='cscope'
CTAGS='ctags'
CXX='g++'
CXXDEPMODE='depmode=gcc3'
CXXFLAGS='-g -O2'
CYGPATH_W='echo'
DEFS='-DHAVE_CONFIG_H'
DEPDIR='.deps'
ECHO_C=''
ECHO_N='-n'
ECHO_T=''
ETAGS='etags'
EXEEXT=''
INSTALL_DATA='${INSTALL} -m 644'
INSTALL_PROGRAM='${INSTALL}'
INSTALL_SCRIPT='${INSTALL}'
INSTALL_STRIP_PROGRAM='$(install_sh) -c -s'
LDFLAGS=''
LIBOBJS=''
LIBS=''
LTLIBOBJS=''
MAKEINFO='${SHELL} '\''/opt/src/MD/vsptk/missing'\'' makeinfo'
MKDIR_P='/usr/bin/mkdir -p'
OBJEXT='o'
PACKAGE='vsptk'
PACKAGE_BUGREPORT='eetorres@gmail.com'
PACKAGE_NAME='vsptk'
PACKAGE_STRING='vsptk 1.0'
PACKAGE_TARNAME='vsptk'
PACKAGE_URL=''
PACKAGE_VERSION='1.0'
PATH_SEPARATOR=':'
SET_MAKE=''
SHELL='/bin/bash'
STRIP=''
VERSION='1.0'
ac_ct_CC='gcc'
ac_ct_CXX='g++'
am__EXEEXT_FALSE=''
am__EXEEXT_TRUE='#'
am__fastdepCC_FALSE='#'
am__fastdepCC_TRUE=''
am__fastdepCXX_FALSE='#'
am__fastdepCXX_TRUE=''
am__include='include'
am__isrc=''
am__leading_dot='.'
am__nodep='_no'
am__quote=''
am__tar='$${TAR-tar} chof - "$$tardir"'
am__untar='$${TAR-tar} xf -'
bindir='${exec_prefix}/bin'
build_alias=''
datadir='${datarootdir}'
datarootdir='${prefix}/share'
docdir='${datarootdir}/doc/${PACKAGE_TARNAME}'
dvidir='${docdir}'
exec_prefix='${prefix}'
host_alias=''
htmldir='${docdir}'
includedir='${prefix}/include'
infodir='${datarootdir}/info'
install_sh='${SHELL} /opt/src/MD/vsptk/install-sh'
libdir='${exec_prefix}/lib'
libexecdir='${exec_prefix}/libexec'
localedir='${datarootdir}/locale'
localstatedir='${prefix}/var'
mandir='${datarootdir}/man'
mkdir_p='$(MKDIR_P)'
oldincludedir='/usr/include'
pdfdir='${docdir}'
prefix='/usr/local'
program_transform_name='s,x,x,'
psdir='${docdir}'
runstatedir='${localstatedir}/run'
sbindir='${exec_prefix}/sbin'
sharedstatedir='${prefix}/com'
sysconfdir='${prefix}/etc'
target_alias=''

## ----------- ##
## confdefs.h. ##
## ----------- ##

/* confdefs.h */
#define PACKAGE_NAME "vsptk"
#define PACKAGE_TARNAME "vsptk"
#define PACKAGE_VERSION "1.0"
#define PACKAGE_STRING "vsptk 1.0"
#define PACKAGE_BUGREPORT "eetorres@gmail.com"
#define PACKAGE_URL ""
#define PACKAGE "vsptk"
#define VERSION "1.0"
#define HAVE_STDIO_H 1
#define HAVE_STDLIB_H 1
#define HAVE_STRING_H 1
#define HAVE_INTTYPES_H 1
#define HAVE_STDINT_H 1
#define HAVE_STRINGS_H 1
#define HAVE_SYS_STAT_H 1
#define HAVE_SYS_TYPES_H 1
#define HAVE_UNISTD_H 1
#define STDC_HEADERS 1
#define HAVE__BOOL 1
#define HAVE_STRRCHR 1
#define HAVE_STRSTR 1

configure: exit 0
